<?xml version="1.0" encoding="UTF-8"?>
<!-- Generated by org.testng.reporters.JUnitXMLReporter -->
<testsuite hostname="YG-LT-031" ignored="0" name="TestSeeker" tests="3" failures="0" timestamp="11 Nov 2021 13:52:50 GMT" time="3.503" errors="0">
  <testcase name="@BeforeTest beforeTest" time="2.979" classname="core.Page">
    <failure type="org.openqa.selenium.SessionNotCreatedException" message="session not created: This version of ChromeDriver only supports Chrome version 92
Current browser version is 95.0.4638.69 with binary path C:\Program Files\Google\Chrome\Application\chrome.exe
Build info: version: &amp;apos;3.141.59&amp;apos;, revision: &amp;apos;e82be7d358&amp;apos;, time: &amp;apos;2018-11-14T08:17:03&amp;apos;
System info: host: &amp;apos;YG-LT-031&amp;apos;, ip: &amp;apos;192.168.2.16&amp;apos;, os.name: &amp;apos;Windows 10&amp;apos;, os.arch: &amp;apos;amd64&amp;apos;, os.version: &amp;apos;10.0&amp;apos;, java.version: &amp;apos;1.8.0_291&amp;apos;
Driver info: driver.version: ChromeDriver
remote stacktrace: Backtrace:
	Ordinal0 [0x009D2A33+2501171]
	Ordinal0 [0x0096D1C1+2085313]
	Ordinal0 [0x00871FA8+1056680]
	Ordinal0 [0x0089020A+1180170]
	Ordinal0 [0x0088C125+1163557]
	Ordinal0 [0x0088997F+1153407]
	Ordinal0 [0x008B999F+1350047]
	Ordinal0 [0x008B960A+1349130]
	Ordinal0 [0x008B551B+1332507]
	Ordinal0 [0x00891D74+1187188]
	Ordinal0 [0x00892BD9+1190873]
	GetHandleVerifier [0x00B4EFE6+1504438]
	GetHandleVerifier [0x00BFDDA5+2220661]
	GetHandleVerifier [0x00A55589+481881]
	GetHandleVerifier [0x00A54639+477961]
	Ordinal0 [0x009728BD+2107581]
	Ordinal0 [0x00976728+2123560]
	Ordinal0 [0x00976862+2123874]
	Ordinal0 [0x0097FA81+2161281]
	BaseThreadInitThunk [0x76B0FA29+25]
	RtlGetAppContainerNamedObjectPath [0x77027A9E+286]
	RtlGetAppContainerNamedObjectPath [0x77027A6E+238]
">
      <![CDATA[org.openqa.selenium.SessionNotCreatedException: session not created: This version of ChromeDriver only supports Chrome version 92
Current browser version is 95.0.4638.69 with binary path C:\Program Files\Google\Chrome\Application\chrome.exe
Build info: version: '3.141.59', revision: 'e82be7d358', time: '2018-11-14T08:17:03'
System info: host: 'YG-LT-031', ip: '192.168.2.16', os.name: 'Windows 10', os.arch: 'amd64', os.version: '10.0', java.version: '1.8.0_291'
Driver info: driver.version: ChromeDriver
remote stacktrace: Backtrace:
Ordinal0 [0x009D2A33+2501171]
Ordinal0 [0x0096D1C1+2085313]
Ordinal0 [0x00871FA8+1056680]
Ordinal0 [0x0089020A+1180170]
Ordinal0 [0x0088C125+1163557]
Ordinal0 [0x0088997F+1153407]
Ordinal0 [0x008B999F+1350047]
Ordinal0 [0x008B960A+1349130]
Ordinal0 [0x008B551B+1332507]
Ordinal0 [0x00891D74+1187188]
Ordinal0 [0x00892BD9+1190873]
GetHandleVerifier [0x00B4EFE6+1504438]
GetHandleVerifier [0x00BFDDA5+2220661]
GetHandleVerifier [0x00A55589+481881]
GetHandleVerifier [0x00A54639+477961]
Ordinal0 [0x009728BD+2107581]
Ordinal0 [0x00976728+2123560]
Ordinal0 [0x00976862+2123874]
Ordinal0 [0x0097FA81+2161281]
BaseThreadInitThunk [0x76B0FA29+25]
RtlGetAppContainerNamedObjectPath [0x77027A9E+286]
RtlGetAppContainerNamedObjectPath [0x77027A6E+238]

at org.openqa.selenium.remote.W3CHandshakeResponse.lambda$errorHandler$0(W3CHandshakeResponse.java:62)
at org.openqa.selenium.remote.HandshakeResponse.lambda$getResponseFunction$0(HandshakeResponse.java:30)
at org.openqa.selenium.remote.ProtocolHandshake.lambda$createSession$0(ProtocolHandshake.java:126)
at java.util.stream.ReferencePipeline$3$1.accept(ReferencePipeline.java:193)
at java.util.Spliterators$ArraySpliterator.tryAdvance(Spliterators.java:958)
at java.util.stream.ReferencePipeline.forEachWithCancel(ReferencePipeline.java:126)
at java.util.stream.AbstractPipeline.copyIntoWithCancel(AbstractPipeline.java:499)
at java.util.stream.AbstractPipeline.copyInto(AbstractPipeline.java:486)
at java.util.stream.AbstractPipeline.wrapAndCopyInto(AbstractPipeline.java:472)
at java.util.stream.FindOps$FindOp.evaluateSequential(FindOps.java:152)
at java.util.stream.AbstractPipeline.evaluate(AbstractPipeline.java:234)
at java.util.stream.ReferencePipeline.findFirst(ReferencePipeline.java:464)
at org.openqa.selenium.remote.ProtocolHandshake.createSession(ProtocolHandshake.java:128)
at org.openqa.selenium.remote.ProtocolHandshake.createSession(ProtocolHandshake.java:74)
at org.openqa.selenium.remote.HttpCommandExecutor.execute(HttpCommandExecutor.java:136)
at org.openqa.selenium.remote.service.DriverCommandExecutor.execute(DriverCommandExecutor.java:83)
at org.openqa.selenium.remote.RemoteWebDriver.execute(RemoteWebDriver.java:552)
at org.openqa.selenium.remote.RemoteWebDriver.startSession(RemoteWebDriver.java:213)
at org.openqa.selenium.remote.RemoteWebDriver.<init>(RemoteWebDriver.java:131)
at org.openqa.selenium.chrome.ChromeDriver.<init>(ChromeDriver.java:181)
at org.openqa.selenium.chrome.ChromeDriver.<init>(ChromeDriver.java:168)
at org.openqa.selenium.chrome.ChromeDriver.<init>(ChromeDriver.java:123)
at core.Page.beforeTest(Page.java:54)
... Removed 32 stack frames]]>
    </failure>
  </testcase> <!-- @BeforeTest beforeTest -->
  <testcase name="@AfterTest afterTest" time="0.0" classname="core.Page">
    <skipped/>
  </testcase> <!-- @AfterTest afterTest -->
  <testcase name="test" time="0.0" classname="testcases.LoginTestSeeker">
    <skipped/>
  </testcase> <!-- test -->
  <testcase name="test" time="0.0" classname="testcases.LoginTestSeeker">
    <skipped/>
  </testcase> <!-- test -->
  <testcase name="test" time="0.0" classname="testcases.LoginTestSeeker">
    <skipped/>
  </testcase> <!-- test -->
</testsuite> <!-- TestSeeker -->
