<?xml version="1.0" encoding="UTF-8"?>
<testsuite xmlns:xsi="http://www.w3.org/2001/XMLSchema-instance" xsi:noNamespaceSchemaLocation="https://maven.apache.org/surefire/maven-surefire-plugin/xsd/surefire-test-report-3.0.xsd" version="3.0" name="TestSuite" time="23.895" tests="8" errors="0" skipped="4" failures="1">
  <properties>
    <property name="sun.desktop" value="windows"/>
    <property name="awt.toolkit" value="sun.awt.windows.WToolkit"/>
    <property name="file.encoding.pkg" value="sun.io"/>
    <property name="java.specification.version" value="1.8"/>
    <property name="webdriver.chrome.driver" value="D:\browser-drivers\chromedriver.exe"/>
    <property name="sun.cpu.isalist" value="amd64"/>
    <property name="sun.jnu.encoding" value="Cp1252"/>
    <property name="java.class.path" value="D:\corejava\HybridFramework\target\test-classes;D:\corejava\HybridFramework\target\classes;C:\Users\bhavika.babbar\.m2\repository\org\seleniumhq\selenium\selenium-java\3.141.59\selenium-java-3.141.59.jar;C:\Users\bhavika.babbar\.m2\repository\org\seleniumhq\selenium\selenium-api\3.141.59\selenium-api-3.141.59.jar;C:\Users\bhavika.babbar\.m2\repository\org\seleniumhq\selenium\selenium-chrome-driver\3.141.59\selenium-chrome-driver-3.141.59.jar;C:\Users\bhavika.babbar\.m2\repository\org\seleniumhq\selenium\selenium-edge-driver\3.141.59\selenium-edge-driver-3.141.59.jar;C:\Users\bhavika.babbar\.m2\repository\org\seleniumhq\selenium\selenium-firefox-driver\3.141.59\selenium-firefox-driver-3.141.59.jar;C:\Users\bhavika.babbar\.m2\repository\org\seleniumhq\selenium\selenium-ie-driver\3.141.59\selenium-ie-driver-3.141.59.jar;C:\Users\bhavika.babbar\.m2\repository\org\seleniumhq\selenium\selenium-opera-driver\3.141.59\selenium-opera-driver-3.141.59.jar;C:\Users\bhavika.babbar\.m2\repository\org\seleniumhq\selenium\selenium-remote-driver\3.141.59\selenium-remote-driver-3.141.59.jar;C:\Users\bhavika.babbar\.m2\repository\org\seleniumhq\selenium\selenium-safari-driver\3.141.59\selenium-safari-driver-3.141.59.jar;C:\Users\bhavika.babbar\.m2\repository\org\seleniumhq\selenium\selenium-support\3.141.59\selenium-support-3.141.59.jar;C:\Users\bhavika.babbar\.m2\repository\net\bytebuddy\byte-buddy\1.8.15\byte-buddy-1.8.15.jar;C:\Users\bhavika.babbar\.m2\repository\org\apache\commons\commons-exec\1.3\commons-exec-1.3.jar;C:\Users\bhavika.babbar\.m2\repository\com\google\guava\guava\25.0-jre\guava-25.0-jre.jar;C:\Users\bhavika.babbar\.m2\repository\com\google\code\findbugs\jsr305\1.3.9\jsr305-1.3.9.jar;C:\Users\bhavika.babbar\.m2\repository\org\checkerframework\checker-compat-qual\2.0.0\checker-compat-qual-2.0.0.jar;C:\Users\bhavika.babbar\.m2\repository\com\google\errorprone\error_prone_annotations\2.1.3\error_prone_annotations-2.1.3.jar;C:\Users\bhavika.babbar\.m2\repository\com\google\j2objc\j2objc-annotations\1.1\j2objc-annotations-1.1.jar;C:\Users\bhavika.babbar\.m2\repository\org\codehaus\mojo\animal-sniffer-annotations\1.14\animal-sniffer-annotations-1.14.jar;C:\Users\bhavika.babbar\.m2\repository\com\squareup\okhttp3\okhttp\3.11.0\okhttp-3.11.0.jar;C:\Users\bhavika.babbar\.m2\repository\com\squareup\okio\okio\1.14.0\okio-1.14.0.jar;C:\Users\bhavika.babbar\.m2\repository\org\apache\poi\poi\3.17\poi-3.17.jar;C:\Users\bhavika.babbar\.m2\repository\commons-codec\commons-codec\1.10\commons-codec-1.10.jar;C:\Users\bhavika.babbar\.m2\repository\org\apache\commons\commons-collections4\4.1\commons-collections4-4.1.jar;C:\Users\bhavika.babbar\.m2\repository\org\apache\poi\poi-ooxml\3.16\poi-ooxml-3.16.jar;C:\Users\bhavika.babbar\.m2\repository\org\apache\poi\poi-ooxml-schemas\3.16\poi-ooxml-schemas-3.16.jar;C:\Users\bhavika.babbar\.m2\repository\org\apache\xmlbeans\xmlbeans\2.6.0\xmlbeans-2.6.0.jar;C:\Users\bhavika.babbar\.m2\repository\stax\stax-api\1.0.1\stax-api-1.0.1.jar;C:\Users\bhavika.babbar\.m2\repository\com\github\virtuald\curvesapi\1.04\curvesapi-1.04.jar;C:\Users\bhavika.babbar\.m2\repository\com\google\code\sqlsheet\sqlsheet\6.7\sqlsheet-6.7.jar;C:\Users\bhavika.babbar\.m2\repository\com\github\jsqlparser\jsqlparser\1.0\jsqlparser-1.0.jar;C:\Users\bhavika.babbar\.m2\repository\log4j\log4j\1.2.17\log4j-1.2.17.jar;C:\Users\bhavika.babbar\.m2\repository\commons-io\commons-io\2.6\commons-io-2.6.jar;C:\Users\bhavika.babbar\.m2\repository\org\testng\testng\6.14.3\testng-6.14.3.jar;C:\Users\bhavika.babbar\.m2\repository\com\beust\jcommander\1.72\jcommander-1.72.jar;C:\Users\bhavika.babbar\.m2\repository\org\apache-extras\beanshell\bsh\2.0b6\bsh-2.0b6.jar;C:\Users\bhavika.babbar\.m2\repository\javax\mail\javax.mail-api\1.6.2\javax.mail-api-1.6.2.jar;"/>
    <property name="java.vm.vendor" value="Oracle Corporation"/>
    <property name="sun.arch.data.model" value="64"/>
    <property name="user.variant" value=""/>
    <property name="java.vendor.url" value="http://java.oracle.com/"/>
    <property name="user.timezone" value="America/New_York"/>
    <property name="java.vm.specification.version" value="1.8"/>
    <property name="os.name" value="Windows 10"/>
    <property name="user.country" value="US"/>
    <property name="sun.java.launcher" value="SUN_STANDARD"/>
    <property name="sun.boot.library.path" value="C:\Program Files\Java\jdk1.8.0_291\jre\bin"/>
    <property name="sun.java.command" value="C:\Users\bhavika.babbar\AppData\Local\Temp\surefire3338473680099299412\surefirebooter7473355308607030766.jar C:\Users\bhavika.babbar\AppData\Local\Temp\surefire3338473680099299412 2021-11-11T08-52-44_239-jvmRun1 surefire1397777377594402461tmp surefire_09165290720004338499tmp"/>
    <property name="surefire.test.class.path" value="D:\corejava\HybridFramework\target\test-classes;D:\corejava\HybridFramework\target\classes;C:\Users\bhavika.babbar\.m2\repository\org\seleniumhq\selenium\selenium-java\3.141.59\selenium-java-3.141.59.jar;C:\Users\bhavika.babbar\.m2\repository\org\seleniumhq\selenium\selenium-api\3.141.59\selenium-api-3.141.59.jar;C:\Users\bhavika.babbar\.m2\repository\org\seleniumhq\selenium\selenium-chrome-driver\3.141.59\selenium-chrome-driver-3.141.59.jar;C:\Users\bhavika.babbar\.m2\repository\org\seleniumhq\selenium\selenium-edge-driver\3.141.59\selenium-edge-driver-3.141.59.jar;C:\Users\bhavika.babbar\.m2\repository\org\seleniumhq\selenium\selenium-firefox-driver\3.141.59\selenium-firefox-driver-3.141.59.jar;C:\Users\bhavika.babbar\.m2\repository\org\seleniumhq\selenium\selenium-ie-driver\3.141.59\selenium-ie-driver-3.141.59.jar;C:\Users\bhavika.babbar\.m2\repository\org\seleniumhq\selenium\selenium-opera-driver\3.141.59\selenium-opera-driver-3.141.59.jar;C:\Users\bhavika.babbar\.m2\repository\org\seleniumhq\selenium\selenium-remote-driver\3.141.59\selenium-remote-driver-3.141.59.jar;C:\Users\bhavika.babbar\.m2\repository\org\seleniumhq\selenium\selenium-safari-driver\3.141.59\selenium-safari-driver-3.141.59.jar;C:\Users\bhavika.babbar\.m2\repository\org\seleniumhq\selenium\selenium-support\3.141.59\selenium-support-3.141.59.jar;C:\Users\bhavika.babbar\.m2\repository\net\bytebuddy\byte-buddy\1.8.15\byte-buddy-1.8.15.jar;C:\Users\bhavika.babbar\.m2\repository\org\apache\commons\commons-exec\1.3\commons-exec-1.3.jar;C:\Users\bhavika.babbar\.m2\repository\com\google\guava\guava\25.0-jre\guava-25.0-jre.jar;C:\Users\bhavika.babbar\.m2\repository\com\google\code\findbugs\jsr305\1.3.9\jsr305-1.3.9.jar;C:\Users\bhavika.babbar\.m2\repository\org\checkerframework\checker-compat-qual\2.0.0\checker-compat-qual-2.0.0.jar;C:\Users\bhavika.babbar\.m2\repository\com\google\errorprone\error_prone_annotations\2.1.3\error_prone_annotations-2.1.3.jar;C:\Users\bhavika.babbar\.m2\repository\com\google\j2objc\j2objc-annotations\1.1\j2objc-annotations-1.1.jar;C:\Users\bhavika.babbar\.m2\repository\org\codehaus\mojo\animal-sniffer-annotations\1.14\animal-sniffer-annotations-1.14.jar;C:\Users\bhavika.babbar\.m2\repository\com\squareup\okhttp3\okhttp\3.11.0\okhttp-3.11.0.jar;C:\Users\bhavika.babbar\.m2\repository\com\squareup\okio\okio\1.14.0\okio-1.14.0.jar;C:\Users\bhavika.babbar\.m2\repository\org\apache\poi\poi\3.17\poi-3.17.jar;C:\Users\bhavika.babbar\.m2\repository\commons-codec\commons-codec\1.10\commons-codec-1.10.jar;C:\Users\bhavika.babbar\.m2\repository\org\apache\commons\commons-collections4\4.1\commons-collections4-4.1.jar;C:\Users\bhavika.babbar\.m2\repository\org\apache\poi\poi-ooxml\3.16\poi-ooxml-3.16.jar;C:\Users\bhavika.babbar\.m2\repository\org\apache\poi\poi-ooxml-schemas\3.16\poi-ooxml-schemas-3.16.jar;C:\Users\bhavika.babbar\.m2\repository\org\apache\xmlbeans\xmlbeans\2.6.0\xmlbeans-2.6.0.jar;C:\Users\bhavika.babbar\.m2\repository\stax\stax-api\1.0.1\stax-api-1.0.1.jar;C:\Users\bhavika.babbar\.m2\repository\com\github\virtuald\curvesapi\1.04\curvesapi-1.04.jar;C:\Users\bhavika.babbar\.m2\repository\com\google\code\sqlsheet\sqlsheet\6.7\sqlsheet-6.7.jar;C:\Users\bhavika.babbar\.m2\repository\com\github\jsqlparser\jsqlparser\1.0\jsqlparser-1.0.jar;C:\Users\bhavika.babbar\.m2\repository\log4j\log4j\1.2.17\log4j-1.2.17.jar;C:\Users\bhavika.babbar\.m2\repository\commons-io\commons-io\2.6\commons-io-2.6.jar;C:\Users\bhavika.babbar\.m2\repository\org\testng\testng\6.14.3\testng-6.14.3.jar;C:\Users\bhavika.babbar\.m2\repository\com\beust\jcommander\1.72\jcommander-1.72.jar;C:\Users\bhavika.babbar\.m2\repository\org\apache-extras\beanshell\bsh\2.0b6\bsh-2.0b6.jar;C:\Users\bhavika.babbar\.m2\repository\javax\mail\javax.mail-api\1.6.2\javax.mail-api-1.6.2.jar;"/>
    <property name="sun.cpu.endian" value="little"/>
    <property name="user.home" value="C:\Users\bhavika.babbar"/>
    <property name="user.language" value="en"/>
    <property name="java.specification.vendor" value="Oracle Corporation"/>
    <property name="java.home" value="C:\Program Files\Java\jdk1.8.0_291\jre"/>
    <property name="basedir" value="D:\corejava\HybridFramework"/>
    <property name="file.separator" value="\"/>
    <property name="line.separator" value="&#10;"/>
    <property name="java.vm.specification.vendor" value="Oracle Corporation"/>
    <property name="java.specification.name" value="Java Platform API Specification"/>
    <property name="java.awt.graphicsenv" value="sun.awt.Win32GraphicsEnvironment"/>
    <property name="surefire.real.class.path" value="C:\Users\bhavika.babbar\AppData\Local\Temp\surefire3338473680099299412\surefirebooter7473355308607030766.jar"/>
    <property name="sun.boot.class.path" value="C:\Program Files\Java\jdk1.8.0_291\jre\lib\resources.jar;C:\Program Files\Java\jdk1.8.0_291\jre\lib\rt.jar;C:\Program Files\Java\jdk1.8.0_291\jre\lib\sunrsasign.jar;C:\Program Files\Java\jdk1.8.0_291\jre\lib\jsse.jar;C:\Program Files\Java\jdk1.8.0_291\jre\lib\jce.jar;C:\Program Files\Java\jdk1.8.0_291\jre\lib\charsets.jar;C:\Program Files\Java\jdk1.8.0_291\jre\lib\jfr.jar;C:\Program Files\Java\jdk1.8.0_291\jre\classes"/>
    <property name="user.script" value=""/>
    <property name="sun.management.compiler" value="HotSpot 64-Bit Tiered Compilers"/>
    <property name="java.runtime.version" value="1.8.0_291-b10"/>
    <property name="user.name" value="bhavika.babbar"/>
    <property name="path.separator" value=";"/>
    <property name="os.version" value="10.0"/>
    <property name="java.endorsed.dirs" value="C:\Program Files\Java\jdk1.8.0_291\jre\lib\endorsed"/>
    <property name="java.runtime.name" value="Java(TM) SE Runtime Environment"/>
    <property name="file.encoding" value="Cp1252"/>
    <property name="java.vm.name" value="Java HotSpot(TM) 64-Bit Server VM"/>
    <property name="localRepository" value="C:\Users\bhavika.babbar\.m2\repository"/>
    <property name="java.vendor.url.bug" value="http://bugreport.sun.com/bugreport/"/>
    <property name="java.io.tmpdir" value="C:\Users\BHAVIK~1.BAB\AppData\Local\Temp\"/>
    <property name="java.version" value="1.8.0_291"/>
    <property name="user.dir" value="D:\corejava\HybridFramework"/>
    <property name="os.arch" value="amd64"/>
    <property name="webdriver.gecko.driver" value="D:\browser-drivers\geckodriver.exe"/>
    <property name="java.vm.specification.name" value="Java Virtual Machine Specification"/>
    <property name="java.awt.printerjob" value="sun.awt.windows.WPrinterJob"/>
    <property name="sun.os.patch.level" value=""/>
    <property name="java.library.path" value="C:\Program Files\Java\jdk1.8.0_291\jre\bin;C:\WINDOWS\Sun\Java\bin;C:\WINDOWS\system32;C:\WINDOWS;C:\Program Files (x86)\Common Files\Oracle\Java\javapath;C:\WINDOWS\system32;C:\WINDOWS;C:\WINDOWS\System32\Wbem;C:\WINDOWS\System32\WindowsPowerShell\v1.0\;C:\WINDOWS\System32\OpenSSH\;C:\Program Files\dotnet\;C:\Program Files\Microsoft SQL Server\130\Tools\Binn\;C:\Program Files\Microsoft SQL Server\Client SDK\ODBC\170\Tools\Binn\;C:\Program Files (x86)\dotnet\;C:\Program Files\Git\cmd;C:\Users\bhavika.babbar\AppData\Local\Microsoft\WindowsApps;C:\Users\bhavika.babbar\.dotnet\tools;C:\Program Files\Java\jdk1.8.0_291\bin;C:\Users\bhavika.babbar\AppData\Local\GitHubDesktop\bin;C:\Program Files\Git\bin;D:\apache-maven-3.8.3-bin\apache-maven-3.8.3\bin;;."/>
    <property name="java.vm.info" value="mixed mode"/>
    <property name="java.vendor" value="Oracle Corporation"/>
    <property name="java.vm.version" value="25.291-b10"/>
    <property name="java.ext.dirs" value="C:\Program Files\Java\jdk1.8.0_291\jre\lib\ext;C:\WINDOWS\Sun\Java\lib\ext"/>
    <property name="sun.io.unicode.encoding" value="UnicodeLittle"/>
    <property name="java.class.version" value="52.0"/>
  </properties>
  <testcase name="beforeTest" classname="testcases.LoginTestSeeker" time="3.745">
    <failure message="session not created: This version of ChromeDriver only supports Chrome version 92&#10;Current browser version is 95.0.4638.69 with binary path C:\Program Files\Google\Chrome\Application\chrome.exe&#10;Build info: version: &apos;3.141.59&apos;, revision: &apos;e82be7d358&apos;, time: &apos;2018-11-14T08:17:03&apos;&#10;System info: host: &apos;YG-LT-031&apos;, ip: &apos;192.168.2.16&apos;, os.name: &apos;Windows 10&apos;, os.arch: &apos;amd64&apos;, os.version: &apos;10.0&apos;, java.version: &apos;1.8.0_291&apos;&#10;Driver info: driver.version: ChromeDriver&#10;remote stacktrace: Backtrace:&#10;	Ordinal0 [0x009D2A33+2501171]&#10;	Ordinal0 [0x0096D1C1+2085313]&#10;	Ordinal0 [0x00871FA8+1056680]&#10;	Ordinal0 [0x0089020A+1180170]&#10;	Ordinal0 [0x0088C125+1163557]&#10;	Ordinal0 [0x0088997F+1153407]&#10;	Ordinal0 [0x008B999F+1350047]&#10;	Ordinal0 [0x008B960A+1349130]&#10;	Ordinal0 [0x008B551B+1332507]&#10;	Ordinal0 [0x00891D74+1187188]&#10;	Ordinal0 [0x00892BD9+1190873]&#10;	GetHandleVerifier [0x00B4EFE6+1504438]&#10;	GetHandleVerifier [0x00BFDDA5+2220661]&#10;	GetHandleVerifier [0x00A55589+481881]&#10;	GetHandleVerifier [0x00A54639+477961]&#10;	Ordinal0 [0x009728BD+2107581]&#10;	Ordinal0 [0x00976728+2123560]&#10;	Ordinal0 [0x00976862+2123874]&#10;	Ordinal0 [0x0097FA81+2161281]&#10;	BaseThreadInitThunk [0x76B0FA29+25]&#10;	RtlGetAppContainerNamedObjectPath [0x77027A9E+286]&#10;	RtlGetAppContainerNamedObjectPath [0x77027A6E+238]&#10;" type="org.openqa.selenium.SessionNotCreatedException"><![CDATA[org.openqa.selenium.SessionNotCreatedException: 
session not created: This version of ChromeDriver only supports Chrome version 92
Current browser version is 95.0.4638.69 with binary path C:\Program Files\Google\Chrome\Application\chrome.exe
Build info: version: '3.141.59', revision: 'e82be7d358', time: '2018-11-14T08:17:03'
System info: host: 'YG-LT-031', ip: '192.168.2.16', os.name: 'Windows 10', os.arch: 'amd64', os.version: '10.0', java.version: '1.8.0_291'
Driver info: driver.version: ChromeDriver
remote stacktrace: Backtrace:
	Ordinal0 [0x009D2A33+2501171]
	Ordinal0 [0x0096D1C1+2085313]
	Ordinal0 [0x00871FA8+1056680]
	Ordinal0 [0x0089020A+1180170]
	Ordinal0 [0x0088C125+1163557]
	Ordinal0 [0x0088997F+1153407]
	Ordinal0 [0x008B999F+1350047]
	Ordinal0 [0x008B960A+1349130]
	Ordinal0 [0x008B551B+1332507]
	Ordinal0 [0x00891D74+1187188]
	Ordinal0 [0x00892BD9+1190873]
	GetHandleVerifier [0x00B4EFE6+1504438]
	GetHandleVerifier [0x00BFDDA5+2220661]
	GetHandleVerifier [0x00A55589+481881]
	GetHandleVerifier [0x00A54639+477961]
	Ordinal0 [0x009728BD+2107581]
	Ordinal0 [0x00976728+2123560]
	Ordinal0 [0x00976862+2123874]
	Ordinal0 [0x0097FA81+2161281]
	BaseThreadInitThunk [0x76B0FA29+25]
	RtlGetAppContainerNamedObjectPath [0x77027A9E+286]
	RtlGetAppContainerNamedObjectPath [0x77027A6E+238]

]]></failure>
    <system-err><![CDATA[Starting ChromeDriver 92.0.4515.107 (87a818b10553a07434ea9e2b6dccf3cbe7895134-refs/branch-heads/4515@{#1634}) on port 3219
Only local connections are allowed.
Please see https://chromedriver.chromium.org/security-considerations for suggestions on keeping ChromeDriver safe.
ChromeDriver was started successfully.
]]></system-err>
  </testcase>
  <testcase name="test" classname="testcases.LoginTestSeeker" time="0">
    <skipped message="session not created: This version of ChromeDriver only supports Chrome version 92&#10;Current browser version is 95.0.4638.69 with binary path C:\Program Files\Google\Chrome\Application\chrome.exe&#10;Build info: version: &apos;3.141.59&apos;, revision: &apos;e82be7d358&apos;, time: &apos;2018-11-14T08:17:03&apos;&#10;System info: host: &apos;YG-LT-031&apos;, ip: &apos;192.168.2.16&apos;, os.name: &apos;Windows 10&apos;, os.arch: &apos;amd64&apos;, os.version: &apos;10.0&apos;, java.version: &apos;1.8.0_291&apos;&#10;Driver info: driver.version: ChromeDriver&#10;remote stacktrace: Backtrace:&#10;	Ordinal0 [0x009D2A33+2501171]&#10;	Ordinal0 [0x0096D1C1+2085313]&#10;	Ordinal0 [0x00871FA8+1056680]&#10;	Ordinal0 [0x0089020A+1180170]&#10;	Ordinal0 [0x0088C125+1163557]&#10;	Ordinal0 [0x0088997F+1153407]&#10;	Ordinal0 [0x008B999F+1350047]&#10;	Ordinal0 [0x008B960A+1349130]&#10;	Ordinal0 [0x008B551B+1332507]&#10;	Ordinal0 [0x00891D74+1187188]&#10;	Ordinal0 [0x00892BD9+1190873]&#10;	GetHandleVerifier [0x00B4EFE6+1504438]&#10;	GetHandleVerifier [0x00BFDDA5+2220661]&#10;	GetHandleVerifier [0x00A55589+481881]&#10;	GetHandleVerifier [0x00A54639+477961]&#10;	Ordinal0 [0x009728BD+2107581]&#10;	Ordinal0 [0x00976728+2123560]&#10;	Ordinal0 [0x00976862+2123874]&#10;	Ordinal0 [0x0097FA81+2161281]&#10;	BaseThreadInitThunk [0x76B0FA29+25]&#10;	RtlGetAppContainerNamedObjectPath [0x77027A9E+286]&#10;	RtlGetAppContainerNamedObjectPath [0x77027A6E+238]&#10;"/>
    <system-out><![CDATA[connected by poi..
2 , 3
]]></system-out>
  </testcase>
  <testcase name="test" classname="testcases.LoginTestSeeker" time="0">
    <skipped message="session not created: This version of ChromeDriver only supports Chrome version 92&#10;Current browser version is 95.0.4638.69 with binary path C:\Program Files\Google\Chrome\Application\chrome.exe&#10;Build info: version: &apos;3.141.59&apos;, revision: &apos;e82be7d358&apos;, time: &apos;2018-11-14T08:17:03&apos;&#10;System info: host: &apos;YG-LT-031&apos;, ip: &apos;192.168.2.16&apos;, os.name: &apos;Windows 10&apos;, os.arch: &apos;amd64&apos;, os.version: &apos;10.0&apos;, java.version: &apos;1.8.0_291&apos;&#10;Driver info: driver.version: ChromeDriver&#10;remote stacktrace: Backtrace:&#10;	Ordinal0 [0x009D2A33+2501171]&#10;	Ordinal0 [0x0096D1C1+2085313]&#10;	Ordinal0 [0x00871FA8+1056680]&#10;	Ordinal0 [0x0089020A+1180170]&#10;	Ordinal0 [0x0088C125+1163557]&#10;	Ordinal0 [0x0088997F+1153407]&#10;	Ordinal0 [0x008B999F+1350047]&#10;	Ordinal0 [0x008B960A+1349130]&#10;	Ordinal0 [0x008B551B+1332507]&#10;	Ordinal0 [0x00891D74+1187188]&#10;	Ordinal0 [0x00892BD9+1190873]&#10;	GetHandleVerifier [0x00B4EFE6+1504438]&#10;	GetHandleVerifier [0x00BFDDA5+2220661]&#10;	GetHandleVerifier [0x00A55589+481881]&#10;	GetHandleVerifier [0x00A54639+477961]&#10;	Ordinal0 [0x009728BD+2107581]&#10;	Ordinal0 [0x00976728+2123560]&#10;	Ordinal0 [0x00976862+2123874]&#10;	Ordinal0 [0x0097FA81+2161281]&#10;	BaseThreadInitThunk [0x76B0FA29+25]&#10;	RtlGetAppContainerNamedObjectPath [0x77027A9E+286]&#10;	RtlGetAppContainerNamedObjectPath [0x77027A6E+238]&#10;"/>
  </testcase>
  <testcase name="test" classname="testcases.LoginTestSeeker" time="0">
    <skipped message="session not created: This version of ChromeDriver only supports Chrome version 92&#10;Current browser version is 95.0.4638.69 with binary path C:\Program Files\Google\Chrome\Application\chrome.exe&#10;Build info: version: &apos;3.141.59&apos;, revision: &apos;e82be7d358&apos;, time: &apos;2018-11-14T08:17:03&apos;&#10;System info: host: &apos;YG-LT-031&apos;, ip: &apos;192.168.2.16&apos;, os.name: &apos;Windows 10&apos;, os.arch: &apos;amd64&apos;, os.version: &apos;10.0&apos;, java.version: &apos;1.8.0_291&apos;&#10;Driver info: driver.version: ChromeDriver&#10;remote stacktrace: Backtrace:&#10;	Ordinal0 [0x009D2A33+2501171]&#10;	Ordinal0 [0x0096D1C1+2085313]&#10;	Ordinal0 [0x00871FA8+1056680]&#10;	Ordinal0 [0x0089020A+1180170]&#10;	Ordinal0 [0x0088C125+1163557]&#10;	Ordinal0 [0x0088997F+1153407]&#10;	Ordinal0 [0x008B999F+1350047]&#10;	Ordinal0 [0x008B960A+1349130]&#10;	Ordinal0 [0x008B551B+1332507]&#10;	Ordinal0 [0x00891D74+1187188]&#10;	Ordinal0 [0x00892BD9+1190873]&#10;	GetHandleVerifier [0x00B4EFE6+1504438]&#10;	GetHandleVerifier [0x00BFDDA5+2220661]&#10;	GetHandleVerifier [0x00A55589+481881]&#10;	GetHandleVerifier [0x00A54639+477961]&#10;	Ordinal0 [0x009728BD+2107581]&#10;	Ordinal0 [0x00976728+2123560]&#10;	Ordinal0 [0x00976862+2123874]&#10;	Ordinal0 [0x0097FA81+2161281]&#10;	BaseThreadInitThunk [0x76B0FA29+25]&#10;	RtlGetAppContainerNamedObjectPath [0x77027A9E+286]&#10;	RtlGetAppContainerNamedObjectPath [0x77027A6E+238]&#10;"/>
  </testcase>
  <testcase name="afterTest" classname="testcases.LoginTestSeeker" time="0">
    <skipped/>
  </testcase>
  <testcase name="test" classname="testcases.LoginTestProvider" time="1.425"/>
  <testcase name="test" classname="testcases.LoginTestProvider" time="1.371"/>
  <testcase name="test" classname="testcases.LoginTestProvider" time="0.852"/>
</testsuite>